Using pre-set license
Built from '2020.2/staging' branch; Version is '2020.2.3f1 (8ff31bc5bf5b) revision 9433883'; Using compiler version '192528614'; Build Type 'Release'
OS: 'Windows 10 Home; OS build 19041.804; Version 2004; 64bit' Language: 'en' Physical Memory: 16282 MB
BatchMode: 1, IsHumanControllingUs: 0, StartBugReporterOnCrash: 0, Is64bit: 1, IsPro: 0

 COMMAND LINE ARGUMENTS:
C:\Program Files\2020.2.3f1\Editor\Unity.exe
-adb2
-batchMode
-noUpm
-name
AssetImportWorker1
-projectPath
C:/CST326/ShootEmUp_V2
-logFile
Logs/AssetImportWorker1.log
-srvPort
52163
Successfully changed project path to: C:/CST326/ShootEmUp_V2
C:/CST326/ShootEmUp_V2
Using Asset Import Pipeline V2.
Refreshing native plugins compatible for Editor in 25.39 ms, found 0 plugins.
Preloading 0 native plugins for Editor in 0.00 ms.
Initialize engine version: 2020.2.3f1 (8ff31bc5bf5b)
[Subsystems] Discovering subsystems at path C:/Program Files/2020.2.3f1/Editor/Data/Resources/UnitySubsystems
[Subsystems] Discovering subsystems at path C:/CST326/ShootEmUp_V2/Assets
GfxDevice: creating device client; threaded=0
Direct3D:
    Version:  Direct3D 11.0 [level 11.1]
    Renderer: NVIDIA GeForce GTX 1660 Ti (ID=0x2191)
    Vendor:   
    VRAM:     5991 MB
    Driver:   26.21.14.3170
Initialize mono
Mono path[0] = 'C:/Program Files/2020.2.3f1/Editor/Data/Managed'
Mono path[1] = 'C:/Program Files/2020.2.3f1/Editor/Data/MonoBleedingEdge/lib/mono/unityjit'
Mono config path = 'C:/Program Files/2020.2.3f1/Editor/Data/MonoBleedingEdge/etc'
Using monoOptions --debugger-agent=transport=dt_socket,embedding=1,server=y,suspend=n,address=127.0.0.1:56180
Begin MonoManager ReloadAssembly
Registering precompiled unity dll's ...
Register platform support module: C:/Program Files/2020.2.3f1/Editor/Data/PlaybackEngines/WindowsStandaloneSupport/UnityEditor.WindowsStandalone.Extensions.dll
Registered in 0.002103 seconds.
Native extension for WindowsStandalone target not found
Refreshing native plugins compatible for Editor in 24.10 ms, found 0 plugins.
Preloading 0 native plugins for Editor in 0.00 ms.
Invoked RoslynAnalysisRunner static constructor.
RoslynAnalysisRunner will not be running.
RoslynAnalysisRunner has terminated.
Mono: successfully reloaded assembly
- Completed reload, in  1.150 seconds
Platform modules already initialized, skipping
Registering precompiled user dll's ...
Registered in 0.000651 seconds.
Begin MonoManager ReloadAssembly
Native extension for WindowsStandalone target not found
Refreshing native plugins compatible for Editor in 0.21 ms, found 0 plugins.
Preloading 0 native plugins for Editor in 0.00 ms.
Invoked RoslynAnalysisRunner static constructor.
RoslynAnalysisRunner will not be running.
RoslynAnalysisRunner has terminated.
Mono: successfully reloaded assembly
- Completed reload, in  0.772 seconds
Platform modules already initialized, skipping
========================================================================
Worker process is ready to serve import requests
Launched and connected shader compiler UnityShaderCompiler.exe after 0.04 seconds
Refreshing native plugins compatible for Editor in 0.28 ms, found 0 plugins.
Preloading 0 native plugins for Editor in 0.00 ms.
Unloading 1157 Unused Serialized files (Serialized files now loaded: 0)
System memory in use before: 72.8 MB.
System memory in use after: 72.9 MB.

Unloading 9 unused Assets to reduce memory usage. Loaded Objects now: 1615.
Total: 1.841300 ms (FindLiveObjects: 0.189800 ms CreateObjectMapping: 0.050900 ms MarkObjects: 1.526500 ms  DeleteObjects: 0.071900 ms)

========================================================================
Received Prepare
Registering precompiled user dll's ...
Registered in 0.000606 seconds.
Begin MonoManager ReloadAssembly
Native extension for WindowsStandalone target not found
Refreshing native plugins compatible for Editor in 0.20 ms, found 0 plugins.
Preloading 0 native plugins for Editor in 0.00 ms.
Invoked RoslynAnalysisRunner static constructor.
RoslynAnalysisRunner will not be running.
RoslynAnalysisRunner has terminated.
Mono: successfully reloaded assembly
- Completed reload, in  0.698 seconds
Platform modules already initialized, skipping
Refreshing native plugins compatible for Editor in 0.22 ms, found 0 plugins.
Preloading 0 native plugins for Editor in 0.00 ms.
Unloading 1139 Unused Serialized files (Serialized files now loaded: 0)
System memory in use before: 71.7 MB.
System memory in use after: 71.8 MB.

Unloading 5 unused Assets to reduce memory usage. Loaded Objects now: 1617.
Total: 1.753800 ms (FindLiveObjects: 0.135200 ms CreateObjectMapping: 0.036000 ms MarkObjects: 1.523500 ms  DeleteObjects: 0.058200 ms)

========================================================================
Received Import Request.
  path: Assets/Scripts/Credits.cs
  artifactKey: Guid(5bd2b777e3639f047831625df04d0ea1) Importer(815301076,1909f56bfc062723c751e8b465ee728b)
Start importing Assets/Scripts/Credits.cs using Guid(5bd2b777e3639f047831625df04d0ea1) Importer(815301076,1909f56bfc062723c751e8b465ee728b)  -> (artifact id: 'e4dd0c8f2a1cf0158afa910d5b99a37c') in 0.034783 seconds
  Import took 0.036565 seconds .

========================================================================
Received Prepare
Registering precompiled user dll's ...
Registered in 0.000697 seconds.
Begin MonoManager ReloadAssembly
Native extension for WindowsStandalone target not found
Refreshing native plugins compatible for Editor in 0.22 ms, found 0 plugins.
Preloading 0 native plugins for Editor in 0.00 ms.
Invoked RoslynAnalysisRunner static constructor.
RoslynAnalysisRunner will not be running.
RoslynAnalysisRunner has terminated.
Mono: successfully reloaded assembly
- Completed reload, in  0.723 seconds
Platform modules already initialized, skipping
Refreshing native plugins compatible for Editor in 0.20 ms, found 0 plugins.
Preloading 0 native plugins for Editor in 0.00 ms.
Unloading 1139 Unused Serialized files (Serialized files now loaded: 0)
System memory in use before: 71.8 MB.
System memory in use after: 71.9 MB.

Unloading 5 unused Assets to reduce memory usage. Loaded Objects now: 1619.
Total: 1.820800 ms (FindLiveObjects: 0.130600 ms CreateObjectMapping: 0.043100 ms MarkObjects: 1.589900 ms  DeleteObjects: 0.056000 ms)

========================================================================
Received Import Request.
  Time since last request: 233.560302 seconds.
  path: Assets/Scripts/Credits.cs
  artifactKey: Guid(5bd2b777e3639f047831625df04d0ea1) Importer(815301076,1909f56bfc062723c751e8b465ee728b)
Start importing Assets/Scripts/Credits.cs using Guid(5bd2b777e3639f047831625df04d0ea1) Importer(815301076,1909f56bfc062723c751e8b465ee728b)  -> (artifact id: '9d0c4f16116f34154d4fffcbf0e2d341') in 0.004039 seconds
  Import took 0.005702 seconds .

========================================================================
Received Prepare
Registering precompiled user dll's ...
Registered in 0.000681 seconds.
Begin MonoManager ReloadAssembly
Native extension for WindowsStandalone target not found
Refreshing native plugins compatible for Editor in 0.21 ms, found 0 plugins.
Preloading 0 native plugins for Editor in 0.00 ms.
Invoked RoslynAnalysisRunner static constructor.
RoslynAnalysisRunner will not be running.
RoslynAnalysisRunner has terminated.
Mono: successfully reloaded assembly
- Completed reload, in  0.720 seconds
Platform modules already initialized, skipping
Refreshing native plugins compatible for Editor in 0.22 ms, found 0 plugins.
Preloading 0 native plugins for Editor in 0.00 ms.
Unloading 1139 Unused Serialized files (Serialized files now loaded: 0)
System memory in use before: 71.8 MB.
System memory in use after: 71.9 MB.

Unloading 5 unused Assets to reduce memory usage. Loaded Objects now: 1621.
Total: 1.835200 ms (FindLiveObjects: 0.199200 ms CreateObjectMapping: 0.060800 ms MarkObjects: 1.513000 ms  DeleteObjects: 0.060800 ms)

========================================================================
Received Prepare
Registering precompiled user dll's ...
Registered in 0.000672 seconds.
Begin MonoManager ReloadAssembly
Native extension for WindowsStandalone target not found
Refreshing native plugins compatible for Editor in 0.21 ms, found 0 plugins.
Preloading 0 native plugins for Editor in 0.00 ms.
Invoked RoslynAnalysisRunner static constructor.
RoslynAnalysisRunner will not be running.
RoslynAnalysisRunner has terminated.
Mono: successfully reloaded assembly
- Completed reload, in  0.715 seconds
Platform modules already initialized, skipping
Refreshing native plugins compatible for Editor in 0.21 ms, found 0 plugins.
Preloading 0 native plugins for Editor in 0.00 ms.
Unloading 1139 Unused Serialized files (Serialized files now loaded: 0)
System memory in use before: 71.8 MB.
System memory in use after: 71.9 MB.

Unloading 5 unused Assets to reduce memory usage. Loaded Objects now: 1623.
Total: 1.659800 ms (FindLiveObjects: 0.135400 ms CreateObjectMapping: 0.036800 ms MarkObjects: 1.430900 ms  DeleteObjects: 0.055700 ms)

========================================================================
Received Import Request.
  Time since last request: 136.579116 seconds.
  path: Assets/Scenes/MainMenu.unity
  artifactKey: Guid(9fc0d4010bbf28b4594072e72b8655ab) Importer(815301076,1909f56bfc062723c751e8b465ee728b)
Start importing Assets/Scenes/MainMenu.unity using Guid(9fc0d4010bbf28b4594072e72b8655ab) Importer(815301076,1909f56bfc062723c751e8b465ee728b)  -> (artifact id: 'c42c61e3dfc6c26b80e1415169dd827b') in 0.015863 seconds
  Import took 0.018028 seconds .

========================================================================
Received Prepare
Registering precompiled user dll's ...
Registered in 0.000611 seconds.
Begin MonoManager ReloadAssembly
Native extension for WindowsStandalone target not found
Refreshing native plugins compatible for Editor in 0.21 ms, found 0 plugins.
Preloading 0 native plugins for Editor in 0.00 ms.
Invoked RoslynAnalysisRunner static constructor.
RoslynAnalysisRunner will not be running.
RoslynAnalysisRunner has terminated.
Mono: successfully reloaded assembly
- Completed reload, in  0.706 seconds
Platform modules already initialized, skipping
Refreshing native plugins compatible for Editor in 0.22 ms, found 0 plugins.
Preloading 0 native plugins for Editor in 0.00 ms.
Unloading 1139 Unused Serialized files (Serialized files now loaded: 0)
System memory in use before: 71.8 MB.
System memory in use after: 71.9 MB.

Unloading 5 unused Assets to reduce memory usage. Loaded Objects now: 1625.
Total: 1.709000 ms (FindLiveObjects: 0.159900 ms CreateObjectMapping: 0.038200 ms MarkObjects: 1.443300 ms  DeleteObjects: 0.066600 ms)

========================================================================
Received Prepare
Registering precompiled user dll's ...
Registered in 0.000780 seconds.
Begin MonoManager ReloadAssembly
Native extension for WindowsStandalone target not found
Refreshing native plugins compatible for Editor in 0.26 ms, found 0 plugins.
Preloading 0 native plugins for Editor in 0.00 ms.
Invoked RoslynAnalysisRunner static constructor.
RoslynAnalysisRunner will not be running.
RoslynAnalysisRunner has terminated.
Mono: successfully reloaded assembly
- Completed reload, in  0.868 seconds
Platform modules already initialized, skipping
Refreshing native plugins compatible for Editor in 0.24 ms, found 0 plugins.
Preloading 0 native plugins for Editor in 0.00 ms.
Unloading 1139 Unused Serialized files (Serialized files now loaded: 0)
System memory in use before: 71.8 MB.
System memory in use after: 71.9 MB.

Unloading 5 unused Assets to reduce memory usage. Loaded Objects now: 1627.
Total: 1.864100 ms (FindLiveObjects: 0.222900 ms CreateObjectMapping: 0.083600 ms MarkObjects: 1.495000 ms  DeleteObjects: 0.061300 ms)

========================================================================
Received Import Request.
  Time since last request: 452.863406 seconds.
  path: Assets/Scenes/Gameplay.unity
  artifactKey: Guid(3234a361db70d6148ab85ce9601ddf0f) Importer(815301076,1909f56bfc062723c751e8b465ee728b)
Start importing Assets/Scenes/Gameplay.unity using Guid(3234a361db70d6148ab85ce9601ddf0f) Importer(815301076,1909f56bfc062723c751e8b465ee728b)  -> (artifact id: '42b018d4e83380157cab63847d41d017') in 0.017193 seconds
  Import took 0.019214 seconds .

========================================================================
Received Prepare
Registering precompiled user dll's ...
Registered in 0.000655 seconds.
Begin MonoManager ReloadAssembly
Native extension for WindowsStandalone target not found
Refreshing native plugins compatible for Editor in 0.20 ms, found 0 plugins.
Preloading 0 native plugins for Editor in 0.00 ms.
Invoked RoslynAnalysisRunner static constructor.
RoslynAnalysisRunner will not be running.
RoslynAnalysisRunner has terminated.
Mono: successfully reloaded assembly
- Completed reload, in  0.716 seconds
Platform modules already initialized, skipping
Refreshing native plugins compatible for Editor in 0.22 ms, found 0 plugins.
Preloading 0 native plugins for Editor in 0.00 ms.
Unloading 1139 Unused Serialized files (Serialized files now loaded: 0)
System memory in use before: 71.8 MB.
System memory in use after: 71.9 MB.

Unloading 5 unused Assets to reduce memory usage. Loaded Objects now: 1629.
Total: 1.610300 ms (FindLiveObjects: 0.145600 ms CreateObjectMapping: 0.034800 ms MarkObjects: 1.371500 ms  DeleteObjects: 0.057300 ms)

========================================================================
Received Prepare
Registering precompiled user dll's ...
Registered in 0.000767 seconds.
Begin MonoManager ReloadAssembly
Native extension for WindowsStandalone target not found
Refreshing native plugins compatible for Editor in 0.48 ms, found 0 plugins.
Preloading 0 native plugins for Editor in 0.00 ms.
Invoked RoslynAnalysisRunner static constructor.
RoslynAnalysisRunner will not be running.
RoslynAnalysisRunner has terminated.
Mono: successfully reloaded assembly
- Completed reload, in  0.859 seconds
Platform modules already initialized, skipping
Refreshing native plugins compatible for Editor in 0.22 ms, found 0 plugins.
Preloading 0 native plugins for Editor in 0.00 ms.
Unloading 1139 Unused Serialized files (Serialized files now loaded: 0)
System memory in use before: 71.9 MB.
System memory in use after: 71.9 MB.

Unloading 5 unused Assets to reduce memory usage. Loaded Objects now: 1631.
Total: 1.828700 ms (FindLiveObjects: 0.131600 ms CreateObjectMapping: 0.038100 ms MarkObjects: 1.600400 ms  DeleteObjects: 0.057600 ms)

========================================================================
Received Import Request.
  Time since last request: 481.466728 seconds.
  path: Assets/Scripts/Credits.cs
  artifactKey: Guid(5bd2b777e3639f047831625df04d0ea1) Importer(815301076,1909f56bfc062723c751e8b465ee728b)
Start importing Assets/Scripts/Credits.cs using Guid(5bd2b777e3639f047831625df04d0ea1) Importer(815301076,1909f56bfc062723c751e8b465ee728b)  -> (artifact id: 'fb22eb927e5283573968ef61c6c81dad') in 0.005778 seconds
  Import took 0.007600 seconds .

========================================================================
Received Import Request.
  Time since last request: 0.026959 seconds.
  path: Assets/Scripts/Credits.cs
  artifactKey: Guid(5bd2b777e3639f047831625df04d0ea1) Importer(815301076,1909f56bfc062723c751e8b465ee728b)
Start importing Assets/Scripts/Credits.cs using Guid(5bd2b777e3639f047831625df04d0ea1) Importer(815301076,1909f56bfc062723c751e8b465ee728b)  -> (artifact id: 'fb22eb927e5283573968ef61c6c81dad') in 0.002299 seconds
  Import took 0.004276 seconds .

========================================================================
Received Import Request.
  Time since last request: 10.565859 seconds.
  path: Assets/Scenes/Credits.unity
  artifactKey: Guid(c4d5c9d5fcb142249b97db00adb76fbb) Importer(815301076,1909f56bfc062723c751e8b465ee728b)
Start importing Assets/Scenes/Credits.unity using Guid(c4d5c9d5fcb142249b97db00adb76fbb) Importer(815301076,1909f56bfc062723c751e8b465ee728b)  -> (artifact id: '3b099d59d1b1e92e8c063c5a06b8ed58') in 0.010357 seconds
  Import took 0.013126 seconds .

========================================================================
Received Prepare
Registering precompiled user dll's ...
Registered in 0.000675 seconds.
Begin MonoManager ReloadAssembly
Native extension for WindowsStandalone target not found
Refreshing native plugins compatible for Editor in 0.21 ms, found 0 plugins.
Preloading 0 native plugins for Editor in 0.00 ms.
Invoked RoslynAnalysisRunner static constructor.
RoslynAnalysisRunner will not be running.
RoslynAnalysisRunner has terminated.
Mono: successfully reloaded assembly
- Completed reload, in  0.719 seconds
Platform modules already initialized, skipping
Refreshing native plugins compatible for Editor in 0.22 ms, found 0 plugins.
Preloading 0 native plugins for Editor in 0.00 ms.
Unloading 1139 Unused Serialized files (Serialized files now loaded: 0)
System memory in use before: 71.8 MB.
System memory in use after: 71.9 MB.

Unloading 5 unused Assets to reduce memory usage. Loaded Objects now: 1633.
Total: 1.791300 ms (FindLiveObjects: 0.171700 ms CreateObjectMapping: 0.050700 ms MarkObjects: 1.501200 ms  DeleteObjects: 0.066300 ms)

========================================================================
Received Import Request.
  Time since last request: 690.389061 seconds.
  path: Assets/Scenes/Credits.unity
  artifactKey: Guid(c4d5c9d5fcb142249b97db00adb76fbb) Importer(815301076,1909f56bfc062723c751e8b465ee728b)
Start importing Assets/Scenes/Credits.unity using Guid(c4d5c9d5fcb142249b97db00adb76fbb) Importer(815301076,1909f56bfc062723c751e8b465ee728b)  -> (artifact id: 'bfdb772f34f9a8a38127e0e4f19148f9') in 0.015094 seconds
  Import took 0.017226 seconds .

========================================================================
Received Prepare
Registering precompiled user dll's ...
Registered in 0.001176 seconds.
Begin MonoManager ReloadAssembly
Native extension for WindowsStandalone target not found
Refreshing native plugins compatible for Editor in 0.26 ms, found 0 plugins.
Preloading 0 native plugins for Editor in 0.00 ms.
Invoked RoslynAnalysisRunner static constructor.
RoslynAnalysisRunner will not be running.
RoslynAnalysisRunner has terminated.
Mono: successfully reloaded assembly
- Completed reload, in  1.724 seconds
Platform modules already initialized, skipping
Refreshing native plugins compatible for Editor in 0.54 ms, found 0 plugins.
Preloading 0 native plugins for Editor in 0.00 ms.
Unloading 1139 Unused Serialized files (Serialized files now loaded: 0)
System memory in use before: 71.8 MB.
System memory in use after: 71.9 MB.

Unloading 5 unused Assets to reduce memory usage. Loaded Objects now: 1635.
Total: 5.906000 ms (FindLiveObjects: 0.625900 ms CreateObjectMapping: 0.172700 ms MarkObjects: 4.853900 ms  DeleteObjects: 0.250100 ms)

========================================================================
Received Import Request.
  Time since last request: 8641.882157 seconds.
  path: Assets/Scripts/BadGuys.cs
  artifactKey: Guid(18f64e37bd7430f459c280329f10e0c2) Importer(815301076,1909f56bfc062723c751e8b465ee728b)
Start importing Assets/Scripts/BadGuys.cs using Guid(18f64e37bd7430f459c280329f10e0c2) Importer(815301076,1909f56bfc062723c751e8b465ee728b)  -> (artifact id: '3d295e2b70b30a5bcaf8bc7b177ae8dd') in 0.017556 seconds
  Import took 0.019603 seconds .

========================================================================
Received Import Request.
  Time since last request: 0.024569 seconds.
  path: Assets/Scripts/BadGuys.cs
  artifactKey: Guid(18f64e37bd7430f459c280329f10e0c2) Importer(815301076,1909f56bfc062723c751e8b465ee728b)
Start importing Assets/Scripts/BadGuys.cs using Guid(18f64e37bd7430f459c280329f10e0c2) Importer(815301076,1909f56bfc062723c751e8b465ee728b)  -> (artifact id: '3d295e2b70b30a5bcaf8bc7b177ae8dd') in 0.002667 seconds
  Import took 0.005444 seconds .

========================================================================
Received Prepare
Registering precompiled user dll's ...
Registered in 0.000724 seconds.
Begin MonoManager ReloadAssembly
Native extension for WindowsStandalone target not found
Refreshing native plugins compatible for Editor in 0.27 ms, found 0 plugins.
Preloading 0 native plugins for Editor in 0.00 ms.
Invoked RoslynAnalysisRunner static constructor.
RoslynAnalysisRunner will not be running.
RoslynAnalysisRunner has terminated.
Mono: successfully reloaded assembly
- Completed reload, in  1.060 seconds
Platform modules already initialized, skipping
Refreshing native plugins compatible for Editor in 0.28 ms, found 0 plugins.
Preloading 0 native plugins for Editor in 0.00 ms.
Unloading 1139 Unused Serialized files (Serialized files now loaded: 0)
System memory in use before: 71.8 MB.
System memory in use after: 71.9 MB.

Unloading 5 unused Assets to reduce memory usage. Loaded Objects now: 1637.
Total: 2.137900 ms (FindLiveObjects: 0.174200 ms CreateObjectMapping: 0.047200 ms MarkObjects: 1.842900 ms  DeleteObjects: 0.071700 ms)

========================================================================
Received Import Request.
  Time since last request: 11.461487 seconds.
  path: Assets/Scripts/BadGuys.cs
  artifactKey: Guid(18f64e37bd7430f459c280329f10e0c2) Importer(815301076,1909f56bfc062723c751e8b465ee728b)
Start importing Assets/Scripts/BadGuys.cs using Guid(18f64e37bd7430f459c280329f10e0c2) Importer(815301076,1909f56bfc062723c751e8b465ee728b)  -> (artifact id: 'c60d66c5bbd42737d116c449d62462e4') in 0.023902 seconds
  Import took 0.027300 seconds .

========================================================================
Received Import Request.
  Time since last request: 38.142526 seconds.
  path: Assets/Scripts/ScoreManager.cs
  artifactKey: Guid(958f6ff2a1fa1524d84da70408d93534) Importer(815301076,1909f56bfc062723c751e8b465ee728b)
Start importing Assets/Scripts/ScoreManager.cs using Guid(958f6ff2a1fa1524d84da70408d93534) Importer(815301076,1909f56bfc062723c751e8b465ee728b)  -> (artifact id: '663de3491dbfb08abe2aa71e1dc0fe1e') in 0.015667 seconds
  Import took 0.020318 seconds .

========================================================================
Received Prepare
Registering precompiled user dll's ...
Registered in 0.000735 seconds.
Begin MonoManager ReloadAssembly
Native extension for WindowsStandalone target not found
Refreshing native plugins compatible for Editor in 0.57 ms, found 0 plugins.
Preloading 0 native plugins for Editor in 0.00 ms.
Invoked RoslynAnalysisRunner static constructor.
RoslynAnalysisRunner will not be running.
RoslynAnalysisRunner has terminated.
Mono: successfully reloaded assembly
- Completed reload, in  1.083 seconds
Platform modules already initialized, skipping
Refreshing native plugins compatible for Editor in 0.28 ms, found 0 plugins.
Preloading 0 native plugins for Editor in 0.00 ms.
Unloading 1139 Unused Serialized files (Serialized files now loaded: 0)
System memory in use before: 71.8 MB.
System memory in use after: 71.9 MB.

Unloading 5 unused Assets to reduce memory usage. Loaded Objects now: 1639.
Total: 2.379800 ms (FindLiveObjects: 0.298300 ms CreateObjectMapping: 0.080300 ms MarkObjects: 1.921600 ms  DeleteObjects: 0.078000 ms)

========================================================================
Received Import Request.
  Time since last request: 52.319320 seconds.
  path: Assets/Scripts/ScoreManager.cs
  artifactKey: Guid(958f6ff2a1fa1524d84da70408d93534) Importer(815301076,1909f56bfc062723c751e8b465ee728b)
Start importing Assets/Scripts/ScoreManager.cs using Guid(958f6ff2a1fa1524d84da70408d93534) Importer(815301076,1909f56bfc062723c751e8b465ee728b)  -> (artifact id: '225f7da02693f8f6967b0e913d115f3e') in 0.006162 seconds
  Import took 0.009289 seconds .

========================================================================
Received Prepare
Registering precompiled user dll's ...
Registered in 0.001348 seconds.
Begin MonoManager ReloadAssembly
Native extension for WindowsStandalone target not found
Refreshing native plugins compatible for Editor in 0.38 ms, found 0 plugins.
Preloading 0 native plugins for Editor in 0.00 ms.
Invoked RoslynAnalysisRunner static constructor.
RoslynAnalysisRunner will not be running.
RoslynAnalysisRunner has terminated.
Mono: successfully reloaded assembly
- Completed reload, in  1.079 seconds
Platform modules already initialized, skipping
Refreshing native plugins compatible for Editor in 0.45 ms, found 0 plugins.
Preloading 0 native plugins for Editor in 0.00 ms.
Unloading 1139 Unused Serialized files (Serialized files now loaded: 0)
System memory in use before: 71.8 MB.
System memory in use after: 71.9 MB.

Unloading 5 unused Assets to reduce memory usage. Loaded Objects now: 1641.
Total: 2.271300 ms (FindLiveObjects: 0.162800 ms CreateObjectMapping: 0.058300 ms MarkObjects: 1.973300 ms  DeleteObjects: 0.075300 ms)

========================================================================
Received Import Request.
  Time since last request: 20.822631 seconds.
  path: Assets/Scripts/ScoreManager.cs
  artifactKey: Guid(958f6ff2a1fa1524d84da70408d93534) Importer(815301076,1909f56bfc062723c751e8b465ee728b)
Start importing Assets/Scripts/ScoreManager.cs using Guid(958f6ff2a1fa1524d84da70408d93534) Importer(815301076,1909f56bfc062723c751e8b465ee728b)  -> (artifact id: '9a8bbb171a2fc02d14c1d2bed647fb0b') in 0.011621 seconds
  Import took 0.014621 seconds .

========================================================================
Received Prepare
Registering precompiled user dll's ...
Registered in 0.000778 seconds.
Begin MonoManager ReloadAssembly
Native extension for WindowsStandalone target not found
Refreshing native plugins compatible for Editor in 0.23 ms, found 0 plugins.
Preloading 0 native plugins for Editor in 0.00 ms.
Invoked RoslynAnalysisRunner static constructor.
RoslynAnalysisRunner will not be running.
RoslynAnalysisRunner has terminated.
Mono: successfully reloaded assembly
- Completed reload, in  1.055 seconds
Platform modules already initialized, skipping
Refreshing native plugins compatible for Editor in 0.67 ms, found 0 plugins.
Preloading 0 native plugins for Editor in 0.00 ms.
Unloading 1139 Unused Serialized files (Serialized files now loaded: 0)
System memory in use before: 71.8 MB.
System memory in use after: 71.9 MB.

Unloading 5 unused Assets to reduce memory usage. Loaded Objects now: 1643.
Total: 5.105000 ms (FindLiveObjects: 0.373500 ms CreateObjectMapping: 0.122400 ms MarkObjects: 4.443500 ms  DeleteObjects: 0.162700 ms)

========================================================================
Received Import Request.
  Time since last request: 81.886502 seconds.
  path: Assets/Scripts/ScoreManager.cs
  artifactKey: Guid(958f6ff2a1fa1524d84da70408d93534) Importer(815301076,1909f56bfc062723c751e8b465ee728b)
Start importing Assets/Scripts/ScoreManager.cs using Guid(958f6ff2a1fa1524d84da70408d93534) Importer(815301076,1909f56bfc062723c751e8b465ee728b)  -> (artifact id: '9d48bd1641d0f524ca795339a772e574') in 0.017744 seconds
  Import took 0.026398 seconds .

========================================================================
Received Prepare
Registering precompiled user dll's ...
Registered in 0.000672 seconds.
Begin MonoManager ReloadAssembly
Native extension for WindowsStandalone target not found
Refreshing native plugins compatible for Editor in 0.26 ms, found 0 plugins.
Preloading 0 native plugins for Editor in 0.00 ms.
Invoked RoslynAnalysisRunner static constructor.
RoslynAnalysisRunner will not be running.
RoslynAnalysisRunner has terminated.
Mono: successfully reloaded assembly
- Completed reload, in  1.118 seconds
Platform modules already initialized, skipping
Refreshing native plugins compatible for Editor in 0.77 ms, found 0 plugins.
Preloading 0 native plugins for Editor in 0.00 ms.
Unloading 1139 Unused Serialized files (Serialized files now loaded: 0)
System memory in use before: 71.8 MB.
System memory in use after: 71.9 MB.

Unloading 5 unused Assets to reduce memory usage. Loaded Objects now: 1645.
Total: 7.322900 ms (FindLiveObjects: 0.733200 ms CreateObjectMapping: 0.235600 ms MarkObjects: 6.094500 ms  DeleteObjects: 0.255300 ms)

========================================================================
Received Prepare
Registering precompiled user dll's ...
Registered in 0.000673 seconds.
Begin MonoManager ReloadAssembly
Native extension for WindowsStandalone target not found
Refreshing native plugins compatible for Editor in 0.34 ms, found 0 plugins.
Preloading 0 native plugins for Editor in 0.00 ms.
Invoked RoslynAnalysisRunner static constructor.
RoslynAnalysisRunner will not be running.
RoslynAnalysisRunner has terminated.
Mono: successfully reloaded assembly
- Completed reload, in  1.301 seconds
Platform modules already initialized, skipping
Refreshing native plugins compatible for Editor in 0.80 ms, found 0 plugins.
Preloading 0 native plugins for Editor in 0.00 ms.
Unloading 1139 Unused Serialized files (Serialized files now loaded: 0)
System memory in use before: 71.8 MB.
System memory in use after: 71.9 MB.

Unloading 5 unused Assets to reduce memory usage. Loaded Objects now: 1647.
Total: 4.303600 ms (FindLiveObjects: 0.270400 ms CreateObjectMapping: 0.087300 ms MarkObjects: 3.830900 ms  DeleteObjects: 0.113200 ms)

========================================================================
Received Prepare
Registering precompiled user dll's ...
Registered in 0.001638 seconds.
Begin MonoManager ReloadAssembly
Native extension for WindowsStandalone target not found
Refreshing native plugins compatible for Editor in 0.27 ms, found 0 plugins.
Preloading 0 native plugins for Editor in 0.00 ms.
Invoked RoslynAnalysisRunner static constructor.
RoslynAnalysisRunner will not be running.
RoslynAnalysisRunner has terminated.
Mono: successfully reloaded assembly
- Completed reload, in  1.054 seconds
Platform modules already initialized, skipping
Refreshing native plugins compatible for Editor in 0.28 ms, found 0 plugins.
Preloading 0 native plugins for Editor in 0.00 ms.
Unloading 1139 Unused Serialized files (Serialized files now loaded: 0)
System memory in use before: 71.8 MB.
System memory in use after: 71.9 MB.

Unloading 5 unused Assets to reduce memory usage. Loaded Objects now: 1649.
Total: 2.170900 ms (FindLiveObjects: 0.308000 ms CreateObjectMapping: 0.131200 ms MarkObjects: 1.641600 ms  DeleteObjects: 0.088100 ms)

========================================================================
Received Prepare
Registering precompiled user dll's ...
Registered in 0.001123 seconds.
Begin MonoManager ReloadAssembly
Native extension for WindowsStandalone target not found
Refreshing native plugins compatible for Editor in 0.54 ms, found 0 plugins.
Preloading 0 native plugins for Editor in 0.00 ms.
Invoked RoslynAnalysisRunner static constructor.
RoslynAnalysisRunner will not be running.
RoslynAnalysisRunner has terminated.
Mono: successfully reloaded assembly
- Completed reload, in  1.344 seconds
Platform modules already initialized, skipping
Refreshing native plugins compatible for Editor in 0.23 ms, found 0 plugins.
Preloading 0 native plugins for Editor in 0.00 ms.
Unloading 1139 Unused Serialized files (Serialized files now loaded: 0)
System memory in use before: 71.8 MB.
System memory in use after: 71.9 MB.

Unloading 5 unused Assets to reduce memory usage. Loaded Objects now: 1651.
Total: 5.793500 ms (FindLiveObjects: 0.590400 ms CreateObjectMapping: 0.317100 ms MarkObjects: 4.675300 ms  DeleteObjects: 0.208300 ms)

========================================================================
Received Prepare
Registering precompiled user dll's ...
Registered in 0.000650 seconds.
Begin MonoManager ReloadAssembly
Native extension for WindowsStandalone target not found
Refreshing native plugins compatible for Editor in 0.33 ms, found 0 plugins.
Preloading 0 native plugins for Editor in 0.00 ms.
Invoked RoslynAnalysisRunner static constructor.
RoslynAnalysisRunner will not be running.
RoslynAnalysisRunner has terminated.
Mono: successfully reloaded assembly
- Completed reload, in  1.400 seconds
Platform modules already initialized, skipping
Refreshing native plugins compatible for Editor in 0.29 ms, found 0 plugins.
Preloading 0 native plugins for Editor in 0.00 ms.
Unloading 1139 Unused Serialized files (Serialized files now loaded: 0)
System memory in use before: 71.8 MB.
System memory in use after: 71.9 MB.

Unloading 5 unused Assets to reduce memory usage. Loaded Objects now: 1653.
Total: 2.210400 ms (FindLiveObjects: 0.250000 ms CreateObjectMapping: 0.122200 ms MarkObjects: 1.769200 ms  DeleteObjects: 0.067400 ms)

========================================================================
Received Prepare
Registering precompiled user dll's ...
Registered in 0.004686 seconds.
Begin MonoManager ReloadAssembly
Native extension for WindowsStandalone target not found
Refreshing native plugins compatible for Editor in 0.42 ms, found 0 plugins.
Preloading 0 native plugins for Editor in 0.00 ms.
Invoked RoslynAnalysisRunner static constructor.
RoslynAnalysisRunner will not be running.
RoslynAnalysisRunner has terminated.
Mono: successfully reloaded assembly
- Completed reload, in  3.436 seconds
Platform modules already initialized, skipping
Refreshing native plugins compatible for Editor in 1.05 ms, found 0 plugins.
Preloading 0 native plugins for Editor in 0.00 ms.
Unloading 1139 Unused Serialized files (Serialized files now loaded: 0)
System memory in use before: 71.8 MB.
System memory in use after: 71.9 MB.

Unloading 5 unused Assets to reduce memory usage. Loaded Objects now: 1655.
Total: 5.645100 ms (FindLiveObjects: 0.427300 ms CreateObjectMapping: 0.131500 ms MarkObjects: 4.935100 ms  DeleteObjects: 0.148100 ms)

AssetImportWorkerClient::OnTransportError - code=2 error=End of file
